#
# There is insufficient memory for the Java Runtime Environment to continue.
# Native memory allocation (mmap) failed to map 134217728 bytes for Failed to commit area from 0x0000000081a00000 to 0x0000000089a00000 of length 134217728.
# Possible reasons:
#   The system is out of physical RAM or swap space
#   The process is running with CompressedOops enabled, and the Java Heap may be blocking the growth of the native heap
# Possible solutions:
#   Reduce memory load on the system
#   Increase physical memory or swap space
#   Check if swap backing store is full
#   Decrease Java heap size (-Xmx/-Xms)
#   Decrease number of Java threads
#   Decrease Java thread stack sizes (-Xss)
#   Set larger code cache with -XX:ReservedCodeCacheSize=
# This output file may be truncated or incomplete.
#
#  Out of Memory Error (t:/workspace/open/src/hotspot/os/windows/os_windows.cpp:3301), pid=17020, tid=3228
#
# JRE version:  (13.0+33) (build )
# Java VM: OpenJDK 64-Bit Server VM (13+33, mixed mode, aot, sharing, tiered, compressed oops, g1 gc, windows-amd64)
# No core dump will be written. Minidumps are not enabled by default on client versions of Windows
#

---------------  S U M M A R Y ------------

Command Line: org.jetbrains.kotlin.cli.jvm.K2JVMCompiler @E:\FER\Diplomski\infinum_academy\repo\spring-and-kotlin-kukecf\academy_project\cars\build\20210801_16360946282090997680.compiler.options

Host: Intel(R) Core(TM) i5-7300HQ CPU @ 2.50GHz, 4 cores, 7G,  Windows 10 , 64 bit Build 19041 (10.0.19041.1023)
Time: Sun Aug  1 17:53:31 2021 Central European Daylight Time elapsed time: 0 seconds (0d 0h 0m 0s)

---------------  T H R E A D  ---------------

Current thread (0x000001c0bf04e000):  JavaThread "Unknown thread" [_thread_in_vm, id=3228, stack(0x0000002930300000,0x0000002930400000)]

Stack: [0x0000002930300000,0x0000002930400000]
Native frames: (J=compiled Java code, j=interpreted, Vv=VM code, C=native code)
V  [jvm.dll+0x626eaa]
V  [jvm.dll+0x772c4a]
V  [jvm.dll+0x7743ff]
V  [jvm.dll+0x774a03]
V  [jvm.dll+0x24da38]
V  [jvm.dll+0x62436a]
V  [jvm.dll+0x618f55]
V  [jvm.dll+0x30c5fc]
V  [jvm.dll+0x30c432]
V  [jvm.dll+0x311ba6]
V  [jvm.dll+0x355cc6]
V  [jvm.dll+0x3554a0]
V  [jvm.dll+0x2e727a]
V  [jvm.dll+0x2e8512]
V  [jvm.dll+0x74fcb8]
V  [jvm.dll+0x363719]
V  [jvm.dll+0x732da5]
V  [jvm.dll+0x3ce2cf]
V  [jvm.dll+0x3d05f1]
C  [jli.dll+0x51ff]
C  [ucrtbase.dll+0x21bb2]
C  [KERNEL32.DLL+0x17034]
C  [ntdll.dll+0x52651]


---------------  P R O C E S S  ---------------

Threads class SMR info:
_java_thread_list=0x00007ffeacd046b8, length=0, elements={
}

Java Threads: ( => current thread )

Other Threads:
  0x000001c0bf092000 GCTaskThread "GC Thread#0" [stack: 0x0000002930400000,0x0000002930500000] [id=14040]
  0x000001c0bf0a3800 ConcurrentGCThread "G1 Main Marker" [stack: 0x0000002930500000,0x0000002930600000] [id=1440]
  0x000001c0bf0a5000 ConcurrentGCThread "G1 Conc#0" [stack: 0x0000002930600000,0x0000002930700000] [id=16748]

[error occurred during error reporting (printing all threads), id 0xc0000005, EXCEPTION_ACCESS_VIOLATION (0xc0000005) at pc=0x00007ffeac536f47]

VM state:not at safepoint (not fully initialized)

VM Mutex/Monitor currently owned by a thread:  ([mutex/lock_event])
[0x000001c0bf04afa0] Heap_lock - owner thread: 0x000001c0bf04e000

Heap address: 0x0000000081a00000, size: 2022 MB, Compressed Oops mode: Non-zero based: 0x0000000081a00000
Narrow klass base: 0x0000000000000000, Narrow klass shift: 0

GC Heap History (0 events):
No events

Deoptimization events (0 events):
No events

Classes unloaded (0 events):
No events

Classes redefined (0 events):
No events

Internal exceptions (0 events):
No events

Events (8 events):
Event: 0.013 Loaded shared library E:\Java\openjdk-13_windows-x64_bin\jdk-13\bin\zip.dll
Event: 0.013 Loaded shared library E:\Java\openjdk-13_windows-x64_bin\jdk-13\bin\jimage.dll
Event: 0.014 Loading shared library E:\Java\openjdk-13_windows-x64_bin\jdk-13\lib\libjava.base-coop.dll failed, error code 126
Event: 0.014 Loading shared library E:\Java\openjdk-13_windows-x64_bin\jdk-13\lib\libjava.logging-coop.dll failed, error code 126
Event: 0.014 Loading shared library E:\Java\openjdk-13_windows-x64_bin\jdk-13\lib\libjdk.compiler-coop.dll failed, error code 126
Event: 0.014 Loading shared library E:\Java\openjdk-13_windows-x64_bin\jdk-13\lib\libjdk.scripting.nashorn-coop.dll failed, error code 126
Event: 0.014 Loading shared library E:\Java\openjdk-13_windows-x64_bin\jdk-13\lib\libjdk.internal.vm.ci-coop.dll failed, error code 126
Event: 0.014 Loading shared library E:\Java\openjdk-13_windows-x64_bin\jdk-13\lib\libjdk.internal.vm.compiler-coop.dll failed, error code 126


Dynamic libraries:
0x00007ff790370000 - 0x00007ff79037d000 	E:\Java\openjdk-13_windows-x64_bin\jdk-13\bin\java.exe
0x00007fff11f30000 - 0x00007fff12125000 	C:\WINDOWS\SYSTEM32\ntdll.dll
0x00007fff11ce0000 - 0x00007fff11d9d000 	C:\WINDOWS\System32\KERNEL32.DLL
0x00007fff0f9c0000 - 0x00007fff0fc89000 	C:\WINDOWS\System32\KERNELBASE.dll
0x00007fff0fea0000 - 0x00007fff0ffa0000 	C:\WINDOWS\System32\ucrtbase.dll
0x00007fff00ee0000 - 0x00007fff00ef5000 	E:\Java\openjdk-13_windows-x64_bin\jdk-13\bin\VCRUNTIME140.dll
0x00007fff091b0000 - 0x00007fff091c8000 	E:\Java\openjdk-13_windows-x64_bin\jdk-13\bin\jli.dll
0x00007fff10720000 - 0x00007fff108c0000 	C:\WINDOWS\System32\USER32.dll
0x00007fff0f810000 - 0x00007fff0f832000 	C:\WINDOWS\System32\win32u.dll
0x00007fff11ec0000 - 0x00007fff11eea000 	C:\WINDOWS\System32\GDI32.dll
0x00007ffefd0e0000 - 0x00007ffefd37a000 	C:\WINDOWS\WinSxS\amd64_microsoft.windows.common-controls_6595b64144ccf1df_6.0.19041.1110_none_60b5254171f9507e\COMCTL32.dll
0x00007fff0f700000 - 0x00007fff0f80b000 	C:\WINDOWS\System32\gdi32full.dll
0x00007fff11850000 - 0x00007fff118ee000 	C:\WINDOWS\System32\msvcrt.dll
0x00007fff0f920000 - 0x00007fff0f9bd000 	C:\WINDOWS\System32\msvcp_win.dll
0x00007fff10a60000 - 0x00007fff10a90000 	C:\WINDOWS\System32\IMM32.DLL
0x00007ffee9e20000 - 0x00007ffee9ebb000 	E:\Java\openjdk-13_windows-x64_bin\jdk-13\bin\msvcp140.dll
0x00007ffeac240000 - 0x00007ffeacda6000 	E:\Java\openjdk-13_windows-x64_bin\jdk-13\bin\server\jvm.dll
0x00007fff11c30000 - 0x00007fff11cdc000 	C:\WINDOWS\System32\ADVAPI32.dll
0x00007fff11b10000 - 0x00007fff11bab000 	C:\WINDOWS\System32\sechost.dll
0x00007fff10930000 - 0x00007fff10a5a000 	C:\WINDOWS\System32\RPCRT4.dll
0x00007fff0ffa0000 - 0x00007fff0ffa8000 	C:\WINDOWS\System32\PSAPI.DLL
0x00007ffeea5c0000 - 0x00007ffeea5c9000 	C:\WINDOWS\SYSTEM32\WSOCK32.dll
0x00007fff118f0000 - 0x00007fff1195b000 	C:\WINDOWS\System32\WS2_32.dll
0x00007ffeffda0000 - 0x00007ffeffdc7000 	C:\WINDOWS\SYSTEM32\WINMM.dll
0x00007fff02830000 - 0x00007fff0283a000 	C:\WINDOWS\SYSTEM32\VERSION.dll
0x00007fff0d560000 - 0x00007fff0d572000 	C:\WINDOWS\SYSTEM32\kernel.appcore.dll
0x00007fff09690000 - 0x00007fff096a0000 	E:\Java\openjdk-13_windows-x64_bin\jdk-13\bin\verify.dll
0x00007ffefa750000 - 0x00007ffefa934000 	C:\WINDOWS\SYSTEM32\DBGHELP.DLL
0x00007ffefa720000 - 0x00007ffefa74c000 	C:\WINDOWS\SYSTEM32\dbgcore.DLL
0x00007fff0f670000 - 0x00007fff0f6f3000 	C:\WINDOWS\System32\bcryptPrimitives.dll
0x00007ffefe820000 - 0x00007ffefe846000 	E:\Java\openjdk-13_windows-x64_bin\jdk-13\bin\java.dll
0x00007fff00e90000 - 0x00007fff00ea7000 	E:\Java\openjdk-13_windows-x64_bin\jdk-13\bin\zip.dll
0x00007fff09220000 - 0x00007fff0922a000 	E:\Java\openjdk-13_windows-x64_bin\jdk-13\bin\jimage.dll

dbghelp: loaded successfully - version: 4.0.5 - missing functions: none
symbol engine: initialized successfully - sym options: 0x614 - pdb path: .;E:\Java\openjdk-13_windows-x64_bin\jdk-13\bin;C:\WINDOWS\SYSTEM32;C:\WINDOWS\WinSxS\amd64_microsoft.windows.common-controls_6595b64144ccf1df_6.0.19041.1110_none_60b5254171f9507e;E:\Java\openjdk-13_windows-x64_bin\jdk-13\bin\server

VM Arguments:
java_command: org.jetbrains.kotlin.cli.jvm.K2JVMCompiler @E:\FER\Diplomski\infinum_academy\repo\spring-and-kotlin-kukecf\academy_project\cars\build\20210801_16360946282090997680.compiler.options
java_class_path (initial): C:\Users\Fran Kukec\.gradle\caches\modules-2\files-2.1\org.jetbrains.kotlin\kotlin-compiler-embeddable\1.5.20\1900e8b9aca0a9caffd45b99b36e3720a0a284f8\kotlin-compiler-embeddable-1.5.20.jar;C:\Users\Fran Kukec\.gradle\caches\modules-2\files-2.1\org.jetbrains.kotlin\kotlin-reflect\1.5.20\63810951f09a27f7827977f1bc21094042a915e\kotlin-reflect-1.5.20.jar;C:\Users\Fran Kukec\.gradle\caches\modules-2\files-2.1\org.jetbrains.kotlin\kotlin-stdlib\1.5.20\9de35cc611bcecec8edce1d56d8e659953806751\kotlin-stdlib-1.5.20.jar;C:\Users\Fran Kukec\.gradle\caches\modules-2\files-2.1\org.jetbrains.kotlin\kotlin-script-runtime\1.5.20\4381bb58d37b84d4d1afe55ec35542dd9b77e101\kotlin-script-runtime-1.5.20.jar;C:\Users\Fran Kukec\.gradle\caches\modules-2\files-2.1\org.jetbrains.kotlin\kotlin-daemon-embeddable\1.5.20\36c38cda019834dcd2959cc33a12768adcd94256\kotlin-daemon-embeddable-1.5.20.jar;C:\Users\Fran Kukec\.gradle\caches\modules-2\files-2.1\org.jetbrains.intellij.deps\trove4j\1.0.20181211\216c2e14b070f334479d800987affe4054cd563f\trove4j-1.0.20181211.jar;C:\Users\Fran Kukec\.gradle\caches\modules-2\files-2.1\org.jetbrains\annotations\13.0\919f0dfe192fb4e063e7dacadee7f8bb9a2672a9\annotations-13.0.jar;C:\Users\Fran Kukec\.gradle\caches\modules-2\files-2.1\org.jetbrains.kotlin\kotlin-stdlib-common\1.5.20\3d79dbd48bf605f4aac1e7028981a1953e245cbb\kotlin-stdlib-common-1.5.20.jar
Launcher Type: SUN_STANDARD

[Global flags]
     intx CICompilerCount                          = 3                                         {product} {ergonomic}
     uint ConcGCThreads                            = 1                                         {product} {ergonomic}
     uint G1ConcRefinementThreads                  = 4                                         {product} {ergonomic}
   size_t G1HeapRegionSize                         = 1048576                                   {product} {ergonomic}
    uintx GCDrainStackTargetSize                   = 64                                        {product} {ergonomic}
   size_t InitialHeapSize                          = 134217728                                 {product} {ergonomic}
   size_t MarkStackSize                            = 4194304                                   {product} {ergonomic}
   size_t MaxHeapSize                              = 2120220672                                {product} {ergonomic}
   size_t MinHeapDeltaBytes                        = 1048576                                   {product} {ergonomic}
   size_t MinHeapSize                              = 8388608                                   {product} {ergonomic}
    uintx NonNMethodCodeHeapSize                   = 5830732                                {pd product} {ergonomic}
    uintx NonProfiledCodeHeapSize                  = 122913754                              {pd product} {ergonomic}
    uintx ProfiledCodeHeapSize                     = 122913754                              {pd product} {ergonomic}
    uintx ReservedCodeCacheSize                    = 251658240                              {pd product} {ergonomic}
     bool SegmentedCodeCache                       = true                                      {product} {ergonomic}
   size_t SoftMaxHeapSize                          = 2120220672                             {manageable} {ergonomic}
     bool UseCompressedClassPointers               = true                                 {lp64_product} {ergonomic}
     bool UseCompressedOops                        = true                                 {lp64_product} {ergonomic}
     bool UseG1GC                                  = true                                      {product} {ergonomic}
     bool UseLargePagesIndividualAllocation        = false                                  {pd product} {ergonomic}

Logging:
Log output configuration:
 #0: stdout all=warning uptime,level,tags
 #1: stderr all=off uptime,level,tags

Environment Variables:
JAVA_HOME=E:\Java\openjdk-13_windows-x64_bin\jdk-13
PATH=C:\Program Files\Microsoft MPI\Bin\;C:\Program Files\NVIDIA GPU Computing Toolkit\CUDA\v10.2\bin;C:\Program Files\NVIDIA GPU Computing Toolkit\CUDA\v10.2\libnvvp;C:\WINDOWS\system32;C:\WINDOWS;C:\WINDOWS\System32\Wbem;C:\WINDOWS\System32\WindowsPowerShell\v1.0\;C:\WINDOWS\System32\OpenSSH\;E:\Java\openjdk-13_windows-x64_bin\jdk-13\bin;C:\Program Files\NVIDIA Corporation\NVIDIA NvDLISR;C:\Program Files (x86)\NVIDIA Corporation\PhysX\Common;C:\Program Files\Microsoft SQL Server\130\Tools\Binn\;C:\Program Files\nodejs\;C:\Program Files\Microsoft SQL Server\Client SDK\ODBC\170\Tools\Binn\;C:\Program Files (x86)\Microsoft SQL Server\150\DTS\Binn\;C:\Program Files (x86)\Yarn\bin\;C:\Program Files\NVIDIA Corporation\Nsight Compute 2019.5.0\;C:\MinGW\bin;C:\WINDOWS\system32;C:\WINDOWS;C:\WINDOWS\System32\Wbem;C:\WINDOWS\System32\WindowsPowerShell\v1.0\;C:\WINDOWS\System32\OpenSSH\;C:\PROGRA~1\MATLAB\R2020b\bin;C:\Program Files\MATLAB\R2020b\bin;C:\Program Files (x86)\Microsoft SDKs\MPI;C:\Program Files\dotnet\;C:\Program Files\Git\cmd;E:\Spin\Spin-651;E:\Program Files\Graphviz\bin;C:\Program Files\Go\bin;C:\Program Files\Docker\Docker\resources\bin;C:\ProgramData\DockerDesktop\version-bin;C:\Program Files\PostgreSQL\13\bin;C:\Users\Fran Kukec\AppData\Local\Microsoft\WindowsApps;C:\Users\Fran Kukec\AppData\Local\Programs\Microsoft VS Code\bin;C:\texlive\2019\bin\win32;C:\Users\Fran Kukec\AppData\Roaming\npm;C:\Users\Fran Kukec\AppData\Local\Pandoc\;C:\Program Files\heroku\bin;C:\Users\Fran Kukec\AppData\Local\Yarn\bin;C:\Anaconda3\envs\car-detection\Scripts;C:\Users\Fran Kukec\AppData\Local\Google\Cloud SDK\google-cloud-sdk\bin;C:\Users\Fran Kukec\.dotnet\tools;C:\Users\Fran Kukec\AppData\Local\Microsoft\WindowsApps;C:\Users\Fran Kukec\.dotnet\tools;C:\Users\Fran Kukec\AppData\Local\GitHubDesktop\bin;C:\Program Files\JetBrains\IntelliJ IDEA Community Edition 2021.1.3\bin;;C:\Users\Fran Kukec\go\bin
USERNAME=Fran Kukec
OS=Windows_NT
PROCESSOR_IDENTIFIER=Intel64 Family 6 Model 158 Stepping 9, GenuineIntel



---------------  S Y S T E M  ---------------

OS: Windows 10 , 64 bit Build 19041 (10.0.19041.1023)
HyperV virtualization detected

CPU:total 4 (initial active 4) (4 cores per cpu, 1 threads per core) family 6 model 158 stepping 9, cmov, cx8, fxsr, mmx, sse, sse2, sse3, ssse3, sse4.1, sse4.2, popcnt, avx, avx2, aes, clmul, erms, 3dnowpref, lzcnt, tsc, tscinvbit, bmi1, bmi2, adx, fma

Memory: 4k page, system-wide physical 8084M (318M free)
TotalPageFile size 26742M (AvailPageFile size 58M)
current process WorkingSet (physical memory assigned to process): 10M, peak: 10M
current process commit charge ("private bytes"): 51M, peak: 179M

vm_info: OpenJDK 64-Bit Server VM (13+33) for windows-amd64 JRE (13+33), built on Aug  9 2019 11:21:18 by "mach5one" with unknown MS VC++:1916

END.
